[0.035s] Invoking command in '/home/marta/sam_bot_description/build/sam_bot_description': CMAKE_PREFIX_PATH=/opt/ros/foxy /usr/bin/cmake --build /home/marta/sam_bot_description/build/sam_bot_description -- -j1 -l1
[0.185s] Invoked command in '/home/marta/sam_bot_description/build/sam_bot_description' returned '0': CMAKE_PREFIX_PATH=/opt/ros/foxy /usr/bin/cmake --build /home/marta/sam_bot_description/build/sam_bot_description -- -j1 -l1
[0.223s] Invoking command in '/home/marta/sam_bot_description/build/sam_bot_description': CMAKE_PREFIX_PATH=/opt/ros/foxy /usr/bin/cmake --install /home/marta/sam_bot_description/build/sam_bot_description
[0.241s] -- Install configuration: ""
[0.243s] -- Up-to-date: /home/marta/sam_bot_description/install/sam_bot_description/share/sam_bot_description/src
[0.247s] -- Up-to-date: /home/marta/sam_bot_description/install/sam_bot_description/share/sam_bot_description/src/description
[0.249s] -- Up-to-date: /home/marta/sam_bot_description/install/sam_bot_description/share/sam_bot_description/src/description/sam_bot_description.urdf
[0.249s] -- Up-to-date: /home/marta/sam_bot_description/install/sam_bot_description/share/sam_bot_description/launch
[0.251s] -- Up-to-date: /home/marta/sam_bot_description/install/sam_bot_description/share/sam_bot_description/launch/display.launch.py
[0.251s] -- Up-to-date: /home/marta/sam_bot_description/install/sam_bot_description/share/sam_bot_description/rviz
[0.253s] -- Up-to-date: /home/marta/sam_bot_description/install/sam_bot_description/share/sam_bot_description/rviz/urdf_config.rviz
[0.253s] -- Up-to-date: /home/marta/sam_bot_description/install/sam_bot_description/share/sam_bot_description/config
[0.254s] -- Up-to-date: /home/marta/sam_bot_description/install/sam_bot_description/share/sam_bot_description/config/ekf.yaml
[0.256s] -- Up-to-date: /home/marta/sam_bot_description/install/sam_bot_description/share/ament_index/resource_index/package_run_dependencies/sam_bot_description
[0.257s] -- Up-to-date: /home/marta/sam_bot_description/install/sam_bot_description/share/ament_index/resource_index/parent_prefix_path/sam_bot_description
[0.258s] -- Up-to-date: /home/marta/sam_bot_description/install/sam_bot_description/share/sam_bot_description/environment/ament_prefix_path.sh
[0.258s] -- Up-to-date: /home/marta/sam_bot_description/install/sam_bot_description/share/sam_bot_description/environment/ament_prefix_path.dsv
[0.258s] -- Up-to-date: /home/marta/sam_bot_description/install/sam_bot_description/share/sam_bot_description/environment/path.sh
[0.259s] -- Up-to-date: /home/marta/sam_bot_description/install/sam_bot_description/share/sam_bot_description/environment/path.dsv
[0.259s] -- Up-to-date: /home/marta/sam_bot_description/install/sam_bot_description/share/sam_bot_description/local_setup.bash
[0.259s] -- Up-to-date: /home/marta/sam_bot_description/install/sam_bot_description/share/sam_bot_description/local_setup.sh
[0.259s] -- Up-to-date: /home/marta/sam_bot_description/install/sam_bot_description/share/sam_bot_description/local_setup.zsh
[0.259s] -- Up-to-date: /home/marta/sam_bot_description/install/sam_bot_description/share/sam_bot_description/local_setup.dsv
[0.259s] -- Installing: /home/marta/sam_bot_description/install/sam_bot_description/share/sam_bot_description/package.dsv
[0.261s] -- Up-to-date: /home/marta/sam_bot_description/install/sam_bot_description/share/ament_index/resource_index/packages/sam_bot_description
[0.262s] -- Up-to-date: /home/marta/sam_bot_description/install/sam_bot_description/share/sam_bot_description/cmake/sam_bot_descriptionConfig.cmake
[0.262s] -- Up-to-date: /home/marta/sam_bot_description/install/sam_bot_description/share/sam_bot_description/cmake/sam_bot_descriptionConfig-version.cmake
[0.262s] -- Up-to-date: /home/marta/sam_bot_description/install/sam_bot_description/share/sam_bot_description/package.xml
[0.264s] Invoked command in '/home/marta/sam_bot_description/build/sam_bot_description' returned '0': CMAKE_PREFIX_PATH=/opt/ros/foxy /usr/bin/cmake --install /home/marta/sam_bot_description/build/sam_bot_description
