[0.087s] Invoking command in '/home/marta/sam_bot_description/build/sam_bot_description': CMAKE_PREFIX_PATH=${CMAKE_PREFIX_PATH}:/opt/ros/foxy /usr/bin/cmake --build /home/marta/sam_bot_description/build/sam_bot_description -- -j1 -l1
[0.504s] Invoked command in '/home/marta/sam_bot_description/build/sam_bot_description' returned '0': CMAKE_PREFIX_PATH=${CMAKE_PREFIX_PATH}:/opt/ros/foxy /usr/bin/cmake --build /home/marta/sam_bot_description/build/sam_bot_description -- -j1 -l1
[0.573s] Invoking command in '/home/marta/sam_bot_description/build/sam_bot_description': CMAKE_PREFIX_PATH=${CMAKE_PREFIX_PATH}:/opt/ros/foxy /usr/bin/cmake --install /home/marta/sam_bot_description/build/sam_bot_description
[0.596s] -- Install configuration: ""
[0.596s] -- Up-to-date: /home/marta/sam_bot_description/install/sam_bot_description/share/sam_bot_description/src
[0.598s] -- Up-to-date: /home/marta/sam_bot_description/install/sam_bot_description/share/sam_bot_description/src/description
[0.600s] -- Installing: /home/marta/sam_bot_description/install/sam_bot_description/share/sam_bot_description/src/description/sam_bot_description.urdf
[0.601s] -- Up-to-date: /home/marta/sam_bot_description/install/sam_bot_description/share/sam_bot_description/launch
[0.607s] -- Up-to-date: /home/marta/sam_bot_description/install/sam_bot_description/share/sam_bot_description/launch/display.launch.py
[0.608s] -- Up-to-date: /home/marta/sam_bot_description/install/sam_bot_description/share/sam_bot_description/rviz
[0.609s] -- Up-to-date: /home/marta/sam_bot_description/install/sam_bot_description/share/sam_bot_description/rviz/urdf_config.rviz
[0.610s] -- Up-to-date: /home/marta/sam_bot_description/install/sam_bot_description/share/sam_bot_description/config
[0.611s] -- Up-to-date: /home/marta/sam_bot_description/install/sam_bot_description/share/sam_bot_description/config/ekf.yaml
[0.612s] -- Up-to-date: /home/marta/sam_bot_description/install/sam_bot_description/share/ament_index/resource_index/package_run_dependencies/sam_bot_description
[0.613s] -- Up-to-date: /home/marta/sam_bot_description/install/sam_bot_description/share/ament_index/resource_index/parent_prefix_path/sam_bot_description
[0.615s] -- Up-to-date: /home/marta/sam_bot_description/install/sam_bot_description/share/sam_bot_description/environment/ament_prefix_path.sh
[0.616s] -- Up-to-date: /home/marta/sam_bot_description/install/sam_bot_description/share/sam_bot_description/environment/ament_prefix_path.dsv
[0.616s] -- Up-to-date: /home/marta/sam_bot_description/install/sam_bot_description/share/sam_bot_description/environment/path.sh
[0.616s] -- Up-to-date: /home/marta/sam_bot_description/install/sam_bot_description/share/sam_bot_description/environment/path.dsv
[0.616s] -- Up-to-date: /home/marta/sam_bot_description/install/sam_bot_description/share/sam_bot_description/local_setup.bash
[0.616s] -- Up-to-date: /home/marta/sam_bot_description/install/sam_bot_description/share/sam_bot_description/local_setup.sh
[0.616s] -- Up-to-date: /home/marta/sam_bot_description/install/sam_bot_description/share/sam_bot_description/local_setup.zsh
[0.617s] -- Up-to-date: /home/marta/sam_bot_description/install/sam_bot_description/share/sam_bot_description/local_setup.dsv
[0.617s] -- Installing: /home/marta/sam_bot_description/install/sam_bot_description/share/sam_bot_description/package.dsv
[0.623s] -- Up-to-date: /home/marta/sam_bot_description/install/sam_bot_description/share/ament_index/resource_index/packages/sam_bot_description
[0.624s] -- Up-to-date: /home/marta/sam_bot_description/install/sam_bot_description/share/sam_bot_description/cmake/sam_bot_descriptionConfig.cmake
[0.624s] -- Up-to-date: /home/marta/sam_bot_description/install/sam_bot_description/share/sam_bot_description/cmake/sam_bot_descriptionConfig-version.cmake
[0.624s] -- Up-to-date: /home/marta/sam_bot_description/install/sam_bot_description/share/sam_bot_description/package.xml
[0.629s] Invoked command in '/home/marta/sam_bot_description/build/sam_bot_description' returned '0': CMAKE_PREFIX_PATH=${CMAKE_PREFIX_PATH}:/opt/ros/foxy /usr/bin/cmake --install /home/marta/sam_bot_description/build/sam_bot_description
