[0.041s] Invoking command in '/home/marta/sam_bot_description/build/sam_bot_description': CMAKE_PREFIX_PATH=${CMAKE_PREFIX_PATH}:/opt/ros/foxy /usr/bin/cmake --build /home/marta/sam_bot_description/build/sam_bot_description -- -j1 -l1
[0.282s] Invoked command in '/home/marta/sam_bot_description/build/sam_bot_description' returned '0': CMAKE_PREFIX_PATH=${CMAKE_PREFIX_PATH}:/opt/ros/foxy /usr/bin/cmake --build /home/marta/sam_bot_description/build/sam_bot_description -- -j1 -l1
[0.325s] Invoking command in '/home/marta/sam_bot_description/build/sam_bot_description': CMAKE_PREFIX_PATH=${CMAKE_PREFIX_PATH}:/opt/ros/foxy /usr/bin/cmake --install /home/marta/sam_bot_description/build/sam_bot_description
[0.345s] -- Install configuration: ""
[0.346s] -- Up-to-date: /home/marta/sam_bot_description/install/sam_bot_description/share/sam_bot_description/src
[0.348s] -- Up-to-date: /home/marta/sam_bot_description/install/sam_bot_description/share/sam_bot_description/src/description
[0.348s] -- Installing: /home/marta/sam_bot_description/install/sam_bot_description/share/sam_bot_description/src/description/sam_bot_description.urdf
[0.350s] -- Up-to-date: /home/marta/sam_bot_description/install/sam_bot_description/share/sam_bot_description/launch
[0.351s] -- Up-to-date: /home/marta/sam_bot_description/install/sam_bot_description/share/sam_bot_description/launch/display.launch.py
[0.352s] -- Up-to-date: /home/marta/sam_bot_description/install/sam_bot_description/share/sam_bot_description/rviz
[0.353s] -- Up-to-date: /home/marta/sam_bot_description/install/sam_bot_description/share/sam_bot_description/rviz/urdf_config.rviz
[0.353s] -- Up-to-date: /home/marta/sam_bot_description/install/sam_bot_description/share/sam_bot_description/config
[0.354s] -- Up-to-date: /home/marta/sam_bot_description/install/sam_bot_description/share/sam_bot_description/config/ekf.yaml
[0.355s] -- Up-to-date: /home/marta/sam_bot_description/install/sam_bot_description/share/ament_index/resource_index/package_run_dependencies/sam_bot_description
[0.356s] -- Up-to-date: /home/marta/sam_bot_description/install/sam_bot_description/share/ament_index/resource_index/parent_prefix_path/sam_bot_description
[0.357s] -- Up-to-date: /home/marta/sam_bot_description/install/sam_bot_description/share/sam_bot_description/environment/ament_prefix_path.sh
[0.357s] -- Up-to-date: /home/marta/sam_bot_description/install/sam_bot_description/share/sam_bot_description/environment/ament_prefix_path.dsv
[0.357s] -- Up-to-date: /home/marta/sam_bot_description/install/sam_bot_description/share/sam_bot_description/environment/path.sh
[0.357s] -- Up-to-date: /home/marta/sam_bot_description/install/sam_bot_description/share/sam_bot_description/environment/path.dsv
[0.357s] -- Up-to-date: /home/marta/sam_bot_description/install/sam_bot_description/share/sam_bot_description/local_setup.bash
[0.358s] -- Up-to-date: /home/marta/sam_bot_description/install/sam_bot_description/share/sam_bot_description/local_setup.sh
[0.358s] -- Up-to-date: /home/marta/sam_bot_description/install/sam_bot_description/share/sam_bot_description/local_setup.zsh
[0.358s] -- Up-to-date: /home/marta/sam_bot_description/install/sam_bot_description/share/sam_bot_description/local_setup.dsv
[0.358s] -- Installing: /home/marta/sam_bot_description/install/sam_bot_description/share/sam_bot_description/package.dsv
[0.359s] -- Up-to-date: /home/marta/sam_bot_description/install/sam_bot_description/share/ament_index/resource_index/packages/sam_bot_description
[0.360s] -- Up-to-date: /home/marta/sam_bot_description/install/sam_bot_description/share/sam_bot_description/cmake/sam_bot_descriptionConfig.cmake
[0.360s] -- Up-to-date: /home/marta/sam_bot_description/install/sam_bot_description/share/sam_bot_description/cmake/sam_bot_descriptionConfig-version.cmake
[0.361s] -- Up-to-date: /home/marta/sam_bot_description/install/sam_bot_description/share/sam_bot_description/package.xml
[0.364s] Invoked command in '/home/marta/sam_bot_description/build/sam_bot_description' returned '0': CMAKE_PREFIX_PATH=${CMAKE_PREFIX_PATH}:/opt/ros/foxy /usr/bin/cmake --install /home/marta/sam_bot_description/build/sam_bot_description
