[0.618s] DEBUG:colcon:Command line arguments: ['/usr/bin/colcon', 'build']
[0.618s] DEBUG:colcon:Parsed command line arguments: Namespace(allow_overriding=[], ament_cmake_args=None, base_paths=['.'], build_base='build', catkin_cmake_args=None, catkin_skip_building_tests=False, cmake_args=None, cmake_clean_cache=False, cmake_clean_first=False, cmake_force_configure=False, cmake_target=None, cmake_target_skip_unavailable=False, continue_on_error=False, event_handlers=None, executor='parallel', ignore_user_meta=False, install_base='install', log_base=None, log_level=None, main=<bound method BuildVerb.main of <colcon_core.verb.build.BuildVerb object at 0x7f6b864f6220>>, merge_install=False, metas=['./colcon.meta'], mixin=None, mixin_files=None, mixin_verb=('build',), packages_above=None, packages_above_and_dependencies=None, packages_above_depth=None, packages_end=None, packages_ignore=None, packages_ignore_regex=None, packages_select=None, packages_select_build_failed=False, packages_select_by_dep=None, packages_select_regex=None, packages_select_test_failures=False, packages_skip=None, packages_skip_build_finished=False, packages_skip_by_dep=None, packages_skip_regex=None, packages_skip_test_passed=False, packages_skip_up_to=None, packages_start=None, packages_up_to=None, packages_up_to_regex=None, parallel_workers=1, paths=None, symlink_install=False, test_result_base=None, verb_extension=<colcon_core.verb.build.BuildVerb object at 0x7f6b864f6220>, verb_name='build', verb_parser=<colcon_mixin.mixin.mixin_argument.MixinArgumentDecorator object at 0x7f6b86453b50>)
[1.065s] Level 1:colcon.colcon_core.package_discovery:discover_packages(colcon_meta) check parameters
[1.066s] Level 1:colcon.colcon_core.package_discovery:discover_packages(recursive) check parameters
[1.066s] Level 1:colcon.colcon_core.package_discovery:discover_packages(ignore) check parameters
[1.066s] Level 1:colcon.colcon_core.package_discovery:discover_packages(path) check parameters
[1.066s] Level 1:colcon.colcon_core.package_discovery:discover_packages(colcon_meta) discover
[1.066s] Level 1:colcon.colcon_core.package_discovery:discover_packages(recursive) discover
[1.066s] INFO:colcon.colcon_core.package_discovery:Crawling recursively for packages in '/home/marta/sam_bot_description'
[1.067s] Level 1:colcon.colcon_core.package_identification:_identify(.) by extensions ['ignore', 'ignore_ament_install']
[1.067s] Level 1:colcon.colcon_core.package_identification:_identify(.) by extension 'ignore'
[1.068s] Level 1:colcon.colcon_core.package_identification:_identify(.) by extension 'ignore_ament_install'
[1.068s] Level 1:colcon.colcon_core.package_identification:_identify(.) by extensions ['colcon_pkg']
[1.068s] Level 1:colcon.colcon_core.package_identification:_identify(.) by extension 'colcon_pkg'
[1.068s] Level 1:colcon.colcon_core.package_identification:_identify(.) by extensions ['colcon_meta']
[1.068s] Level 1:colcon.colcon_core.package_identification:_identify(.) by extension 'colcon_meta'
[1.069s] Level 1:colcon.colcon_core.package_identification:_identify(.) by extensions ['ros']
[1.069s] Level 1:colcon.colcon_core.package_identification:_identify(.) by extension 'ros'
[1.113s] DEBUG:colcon.colcon_core.package_identification:Package '.' with type 'ros.ament_cmake' and name 'sam_bot_description'
[1.113s] Level 1:colcon.colcon_core.package_discovery:discover_packages(recursive) using defaults
[1.114s] Level 1:colcon.colcon_core.package_discovery:discover_packages(ignore) discover
[1.114s] Level 1:colcon.colcon_core.package_discovery:discover_packages(ignore) using defaults
[1.114s] Level 1:colcon.colcon_core.package_discovery:discover_packages(path) discover
[1.114s] Level 1:colcon.colcon_core.package_discovery:discover_packages(path) using defaults
[1.175s] Level 1:colcon.colcon_core.package_discovery:discover_packages(prefix_path) check parameters
[1.175s] Level 1:colcon.colcon_core.package_discovery:discover_packages(prefix_path) discover
[1.184s] DEBUG:colcon.colcon_installed_package_information.package_discovery:Found 1 installed packages in /home/marta/sam_bot_description/install
[1.186s] DEBUG:colcon.colcon_installed_package_information.package_discovery:Found 383 installed packages in /opt/ros/foxy
[1.305s] Level 1:colcon.colcon_core.package_discovery:discover_packages(prefix_path) using defaults
[1.593s] Level 5:colcon.colcon_core.verb:set package 'sam_bot_description' build argument 'cmake_args' from command line to 'None'
[1.604s] Level 5:colcon.colcon_core.verb:set package 'sam_bot_description' build argument 'cmake_target' from command line to 'None'
[1.604s] Level 5:colcon.colcon_core.verb:set package 'sam_bot_description' build argument 'cmake_target_skip_unavailable' from command line to 'False'
[1.604s] Level 5:colcon.colcon_core.verb:set package 'sam_bot_description' build argument 'cmake_clean_cache' from command line to 'False'
[1.605s] Level 5:colcon.colcon_core.verb:set package 'sam_bot_description' build argument 'cmake_clean_first' from command line to 'False'
[1.605s] Level 5:colcon.colcon_core.verb:set package 'sam_bot_description' build argument 'cmake_force_configure' from command line to 'False'
[1.605s] Level 5:colcon.colcon_core.verb:set package 'sam_bot_description' build argument 'ament_cmake_args' from command line to 'None'
[1.605s] Level 5:colcon.colcon_core.verb:set package 'sam_bot_description' build argument 'catkin_cmake_args' from command line to 'None'
[1.605s] Level 5:colcon.colcon_core.verb:set package 'sam_bot_description' build argument 'catkin_skip_building_tests' from command line to 'False'
[1.605s] DEBUG:colcon.colcon_core.verb:Building package 'sam_bot_description' with the following arguments: {'ament_cmake_args': None, 'build_base': '/home/marta/sam_bot_description/build/sam_bot_description', 'catkin_cmake_args': None, 'catkin_skip_building_tests': False, 'cmake_args': None, 'cmake_clean_cache': False, 'cmake_clean_first': False, 'cmake_force_configure': False, 'cmake_target': None, 'cmake_target_skip_unavailable': False, 'install_base': '/home/marta/sam_bot_description/install/sam_bot_description', 'merge_install': False, 'path': '/home/marta/sam_bot_description', 'symlink_install': False, 'test_result_base': None}
[1.605s] INFO:colcon.colcon_core.executor:Executing jobs using 'parallel' executor
[1.606s] DEBUG:colcon.colcon_parallel_executor.executor.parallel:run_until_complete
[1.608s] INFO:colcon.colcon_ros.task.ament_cmake.build:Building ROS package in '/home/marta/sam_bot_description' with build type 'ament_cmake'
[1.608s] INFO:colcon.colcon_cmake.task.cmake.build:Building CMake package in '/home/marta/sam_bot_description'
[1.623s] INFO:colcon.colcon_core.plugin_system:Skipping extension 'colcon_core.shell.bat': Not used on non-Windows systems
[1.623s] INFO:colcon.colcon_core.shell:Skip shell extension 'powershell' for command environment: Not usable outside of PowerShell
[1.623s] DEBUG:colcon.colcon_core.shell:Skip shell extension 'dsv' for command environment
[1.695s] DEBUG:colcon.colcon_core.event_handler.log_command:Invoking command in '/home/marta/sam_bot_description/build/sam_bot_description': CMAKE_PREFIX_PATH=${CMAKE_PREFIX_PATH}:/opt/ros/foxy /usr/bin/cmake --build /home/marta/sam_bot_description/build/sam_bot_description -- -j1 -l1
[1.948s] DEBUG:colcon.colcon_core.event_handler.log_command:Invoked command in '/home/marta/sam_bot_description/build/sam_bot_description' returned '0': CMAKE_PREFIX_PATH=${CMAKE_PREFIX_PATH}:/opt/ros/foxy /usr/bin/cmake --build /home/marta/sam_bot_description/build/sam_bot_description -- -j1 -l1
[2.296s] DEBUG:colcon.colcon_core.event_handler.log_command:Invoking command in '/home/marta/sam_bot_description/build/sam_bot_description': CMAKE_PREFIX_PATH=${CMAKE_PREFIX_PATH}:/opt/ros/foxy /usr/bin/cmake --install /home/marta/sam_bot_description/build/sam_bot_description
[2.370s] Level 1:colcon.colcon_core.environment:create_environment_scripts_only(sam_bot_description)
[2.377s] DEBUG:colcon.colcon_core.event_handler.log_command:Invoked command in '/home/marta/sam_bot_description/build/sam_bot_description' returned '0': CMAKE_PREFIX_PATH=${CMAKE_PREFIX_PATH}:/opt/ros/foxy /usr/bin/cmake --install /home/marta/sam_bot_description/build/sam_bot_description
[2.391s] Level 1:colcon.colcon_core.environment:checking '/home/marta/sam_bot_description/install/sam_bot_description' for CMake module files
[2.394s] Level 1:colcon.colcon_core.environment:checking '/home/marta/sam_bot_description/install/sam_bot_description' for CMake config files
[2.398s] Level 1:colcon.colcon_core.shell:create_environment_hook('sam_bot_description', 'cmake_prefix_path')
[2.399s] INFO:colcon.colcon_core.shell:Creating environment hook '/home/marta/sam_bot_description/install/sam_bot_description/share/sam_bot_description/hook/cmake_prefix_path.ps1'
[2.406s] INFO:colcon.colcon_core.shell:Creating environment descriptor '/home/marta/sam_bot_description/install/sam_bot_description/share/sam_bot_description/hook/cmake_prefix_path.dsv'
[2.408s] INFO:colcon.colcon_core.shell:Creating environment hook '/home/marta/sam_bot_description/install/sam_bot_description/share/sam_bot_description/hook/cmake_prefix_path.sh'
[2.417s] Level 1:colcon.colcon_core.environment:checking '/home/marta/sam_bot_description/install/sam_bot_description/bin'
[2.417s] Level 1:colcon.colcon_core.environment:checking '/home/marta/sam_bot_description/install/sam_bot_description/lib/pkgconfig/sam_bot_description.pc'
[2.417s] Level 1:colcon.colcon_core.environment:checking '/home/marta/sam_bot_description/install/sam_bot_description/lib/python3.8/site-packages'
[2.418s] Level 1:colcon.colcon_core.environment:checking '/home/marta/sam_bot_description/install/sam_bot_description/bin'
[2.418s] INFO:colcon.colcon_core.shell:Creating package script '/home/marta/sam_bot_description/install/sam_bot_description/share/sam_bot_description/package.ps1'
[2.420s] INFO:colcon.colcon_core.shell:Creating package descriptor '/home/marta/sam_bot_description/install/sam_bot_description/share/sam_bot_description/package.dsv'
[2.421s] INFO:colcon.colcon_core.shell:Creating package script '/home/marta/sam_bot_description/install/sam_bot_description/share/sam_bot_description/package.sh'
[2.423s] INFO:colcon.colcon_core.shell:Creating package script '/home/marta/sam_bot_description/install/sam_bot_description/share/sam_bot_description/package.bash'
[2.425s] INFO:colcon.colcon_core.shell:Creating package script '/home/marta/sam_bot_description/install/sam_bot_description/share/sam_bot_description/package.zsh'
[2.434s] Level 1:colcon.colcon_core.environment:create_file_with_runtime_dependencies(/home/marta/sam_bot_description/install/sam_bot_description/share/colcon-core/packages/sam_bot_description)
[2.645s] Level 1:colcon.colcon_core.environment:create_environment_scripts_only(sam_bot_description)
[2.645s] Level 1:colcon.colcon_core.environment:checking '/home/marta/sam_bot_description/install/sam_bot_description' for CMake module files
[2.646s] Level 1:colcon.colcon_core.environment:checking '/home/marta/sam_bot_description/install/sam_bot_description' for CMake config files
[2.647s] Level 1:colcon.colcon_core.shell:create_environment_hook('sam_bot_description', 'cmake_prefix_path')
[2.647s] INFO:colcon.colcon_core.shell:Creating environment hook '/home/marta/sam_bot_description/install/sam_bot_description/share/sam_bot_description/hook/cmake_prefix_path.ps1'
[2.659s] INFO:colcon.colcon_core.shell:Creating environment descriptor '/home/marta/sam_bot_description/install/sam_bot_description/share/sam_bot_description/hook/cmake_prefix_path.dsv'
[2.661s] INFO:colcon.colcon_core.shell:Creating environment hook '/home/marta/sam_bot_description/install/sam_bot_description/share/sam_bot_description/hook/cmake_prefix_path.sh'
[2.664s] Level 1:colcon.colcon_core.environment:checking '/home/marta/sam_bot_description/install/sam_bot_description/bin'
[2.664s] Level 1:colcon.colcon_core.environment:checking '/home/marta/sam_bot_description/install/sam_bot_description/lib/pkgconfig/sam_bot_description.pc'
[2.664s] Level 1:colcon.colcon_core.environment:checking '/home/marta/sam_bot_description/install/sam_bot_description/lib/python3.8/site-packages'
[2.664s] Level 1:colcon.colcon_core.environment:checking '/home/marta/sam_bot_description/install/sam_bot_description/bin'
[2.665s] INFO:colcon.colcon_core.shell:Creating package script '/home/marta/sam_bot_description/install/sam_bot_description/share/sam_bot_description/package.ps1'
[2.666s] INFO:colcon.colcon_core.shell:Creating package descriptor '/home/marta/sam_bot_description/install/sam_bot_description/share/sam_bot_description/package.dsv'
[2.667s] INFO:colcon.colcon_core.shell:Creating package script '/home/marta/sam_bot_description/install/sam_bot_description/share/sam_bot_description/package.sh'
[2.671s] INFO:colcon.colcon_core.shell:Creating package script '/home/marta/sam_bot_description/install/sam_bot_description/share/sam_bot_description/package.bash'
[2.679s] INFO:colcon.colcon_core.shell:Creating package script '/home/marta/sam_bot_description/install/sam_bot_description/share/sam_bot_description/package.zsh'
[2.684s] Level 1:colcon.colcon_core.environment:create_file_with_runtime_dependencies(/home/marta/sam_bot_description/install/sam_bot_description/share/colcon-core/packages/sam_bot_description)
[2.691s] DEBUG:colcon.colcon_parallel_executor.executor.parallel:closing loop
[2.692s] DEBUG:colcon.colcon_parallel_executor.executor.parallel:loop closed
[2.692s] DEBUG:colcon.colcon_parallel_executor.executor.parallel:run_until_complete finished with '0'
[2.692s] DEBUG:colcon.colcon_core.event_reactor:joining thread
[2.796s] INFO:colcon.colcon_core.plugin_system:Skipping extension 'colcon_notification.desktop_notification.terminal_notifier': Not used on non-Darwin systems
[2.842s] INFO:colcon.colcon_core.plugin_system:Skipping extension 'colcon_notification.desktop_notification.win32': Not used on non-Windows systems
[2.843s] INFO:colcon.colcon_notification.desktop_notification:Sending desktop notification using 'notify2'
[2.905s] DEBUG:colcon.colcon_core.event_reactor:joined thread
[2.905s] INFO:colcon.colcon_core.shell:Creating prefix script '/home/marta/sam_bot_description/install/local_setup.ps1'
[2.910s] INFO:colcon.colcon_core.shell:Creating prefix util module '/home/marta/sam_bot_description/install/_local_setup_util_ps1.py'
[2.915s] INFO:colcon.colcon_core.shell:Creating prefix chain script '/home/marta/sam_bot_description/install/setup.ps1'
[2.918s] INFO:colcon.colcon_core.shell:Creating prefix script '/home/marta/sam_bot_description/install/local_setup.sh'
[2.941s] INFO:colcon.colcon_core.shell:Creating prefix util module '/home/marta/sam_bot_description/install/_local_setup_util_sh.py'
[2.943s] INFO:colcon.colcon_core.shell:Creating prefix chain script '/home/marta/sam_bot_description/install/setup.sh'
[2.947s] INFO:colcon.colcon_core.shell:Creating prefix script '/home/marta/sam_bot_description/install/local_setup.bash'
[2.949s] INFO:colcon.colcon_core.shell:Creating prefix chain script '/home/marta/sam_bot_description/install/setup.bash'
[2.952s] INFO:colcon.colcon_core.shell:Creating prefix script '/home/marta/sam_bot_description/install/local_setup.zsh'
[2.962s] INFO:colcon.colcon_core.shell:Creating prefix chain script '/home/marta/sam_bot_description/install/setup.zsh'
