[1.184s] DEBUG:colcon:Command line arguments: ['/usr/bin/colcon', 'build']
[1.184s] DEBUG:colcon:Parsed command line arguments: Namespace(allow_overriding=[], ament_cmake_args=None, base_paths=['.'], build_base='build', catkin_cmake_args=None, catkin_skip_building_tests=False, cmake_args=None, cmake_clean_cache=False, cmake_clean_first=False, cmake_force_configure=False, cmake_target=None, cmake_target_skip_unavailable=False, continue_on_error=False, event_handlers=None, executor='parallel', ignore_user_meta=False, install_base='install', log_base=None, log_level=None, main=<bound method BuildVerb.main of <colcon_core.verb.build.BuildVerb object at 0x7fe909832220>>, merge_install=False, metas=['./colcon.meta'], mixin=None, mixin_files=None, mixin_verb=('build',), packages_above=None, packages_above_and_dependencies=None, packages_above_depth=None, packages_end=None, packages_ignore=None, packages_ignore_regex=None, packages_select=None, packages_select_build_failed=False, packages_select_by_dep=None, packages_select_regex=None, packages_select_test_failures=False, packages_skip=None, packages_skip_build_finished=False, packages_skip_by_dep=None, packages_skip_regex=None, packages_skip_test_passed=False, packages_skip_up_to=None, packages_start=None, packages_up_to=None, packages_up_to_regex=None, parallel_workers=1, paths=None, symlink_install=False, test_result_base=None, verb_extension=<colcon_core.verb.build.BuildVerb object at 0x7fe909832220>, verb_name='build', verb_parser=<colcon_mixin.mixin.mixin_argument.MixinArgumentDecorator object at 0x7fe90978fb50>)
[1.638s] Level 1:colcon.colcon_core.package_discovery:discover_packages(colcon_meta) check parameters
[1.638s] Level 1:colcon.colcon_core.package_discovery:discover_packages(recursive) check parameters
[1.638s] Level 1:colcon.colcon_core.package_discovery:discover_packages(ignore) check parameters
[1.638s] Level 1:colcon.colcon_core.package_discovery:discover_packages(path) check parameters
[1.638s] Level 1:colcon.colcon_core.package_discovery:discover_packages(colcon_meta) discover
[1.638s] Level 1:colcon.colcon_core.package_discovery:discover_packages(recursive) discover
[1.638s] INFO:colcon.colcon_core.package_discovery:Crawling recursively for packages in '/home/marta/sam_bot_description'
[1.639s] Level 1:colcon.colcon_core.package_identification:_identify(.) by extensions ['ignore', 'ignore_ament_install']
[1.639s] Level 1:colcon.colcon_core.package_identification:_identify(.) by extension 'ignore'
[1.639s] Level 1:colcon.colcon_core.package_identification:_identify(.) by extension 'ignore_ament_install'
[1.639s] Level 1:colcon.colcon_core.package_identification:_identify(.) by extensions ['colcon_pkg']
[1.639s] Level 1:colcon.colcon_core.package_identification:_identify(.) by extension 'colcon_pkg'
[1.639s] Level 1:colcon.colcon_core.package_identification:_identify(.) by extensions ['colcon_meta']
[1.639s] Level 1:colcon.colcon_core.package_identification:_identify(.) by extension 'colcon_meta'
[1.639s] Level 1:colcon.colcon_core.package_identification:_identify(.) by extensions ['ros']
[1.640s] Level 1:colcon.colcon_core.package_identification:_identify(.) by extension 'ros'
[1.673s] DEBUG:colcon.colcon_core.package_identification:Package '.' with type 'ros.ament_cmake' and name 'sam_bot_description'
[1.674s] Level 1:colcon.colcon_core.package_discovery:discover_packages(recursive) using defaults
[1.674s] Level 1:colcon.colcon_core.package_discovery:discover_packages(ignore) discover
[1.674s] Level 1:colcon.colcon_core.package_discovery:discover_packages(ignore) using defaults
[1.674s] Level 1:colcon.colcon_core.package_discovery:discover_packages(path) discover
[1.674s] Level 1:colcon.colcon_core.package_discovery:discover_packages(path) using defaults
[1.731s] Level 1:colcon.colcon_core.package_discovery:discover_packages(prefix_path) check parameters
[1.731s] Level 1:colcon.colcon_core.package_discovery:discover_packages(prefix_path) discover
[1.745s] DEBUG:colcon.colcon_installed_package_information.package_discovery:Found 1 installed packages in /home/marta/sam_bot_description/install
[1.752s] DEBUG:colcon.colcon_installed_package_information.package_discovery:Found 383 installed packages in /opt/ros/foxy
[1.764s] Level 1:colcon.colcon_core.package_discovery:discover_packages(prefix_path) using defaults
[2.278s] Level 5:colcon.colcon_core.verb:set package 'sam_bot_description' build argument 'cmake_args' from command line to 'None'
[2.278s] Level 5:colcon.colcon_core.verb:set package 'sam_bot_description' build argument 'cmake_target' from command line to 'None'
[2.278s] Level 5:colcon.colcon_core.verb:set package 'sam_bot_description' build argument 'cmake_target_skip_unavailable' from command line to 'False'
[2.278s] Level 5:colcon.colcon_core.verb:set package 'sam_bot_description' build argument 'cmake_clean_cache' from command line to 'False'
[2.278s] Level 5:colcon.colcon_core.verb:set package 'sam_bot_description' build argument 'cmake_clean_first' from command line to 'False'
[2.279s] Level 5:colcon.colcon_core.verb:set package 'sam_bot_description' build argument 'cmake_force_configure' from command line to 'False'
[2.279s] Level 5:colcon.colcon_core.verb:set package 'sam_bot_description' build argument 'ament_cmake_args' from command line to 'None'
[2.279s] Level 5:colcon.colcon_core.verb:set package 'sam_bot_description' build argument 'catkin_cmake_args' from command line to 'None'
[2.279s] Level 5:colcon.colcon_core.verb:set package 'sam_bot_description' build argument 'catkin_skip_building_tests' from command line to 'False'
[2.279s] DEBUG:colcon.colcon_core.verb:Building package 'sam_bot_description' with the following arguments: {'ament_cmake_args': None, 'build_base': '/home/marta/sam_bot_description/build/sam_bot_description', 'catkin_cmake_args': None, 'catkin_skip_building_tests': False, 'cmake_args': None, 'cmake_clean_cache': False, 'cmake_clean_first': False, 'cmake_force_configure': False, 'cmake_target': None, 'cmake_target_skip_unavailable': False, 'install_base': '/home/marta/sam_bot_description/install/sam_bot_description', 'merge_install': False, 'path': '/home/marta/sam_bot_description', 'symlink_install': False, 'test_result_base': None}
[2.279s] INFO:colcon.colcon_core.executor:Executing jobs using 'parallel' executor
[2.280s] DEBUG:colcon.colcon_parallel_executor.executor.parallel:run_until_complete
[2.280s] INFO:colcon.colcon_ros.task.ament_cmake.build:Building ROS package in '/home/marta/sam_bot_description' with build type 'ament_cmake'
[2.280s] INFO:colcon.colcon_cmake.task.cmake.build:Building CMake package in '/home/marta/sam_bot_description'
[2.301s] INFO:colcon.colcon_core.plugin_system:Skipping extension 'colcon_core.shell.bat': Not used on non-Windows systems
[2.301s] INFO:colcon.colcon_core.shell:Skip shell extension 'powershell' for command environment: Not usable outside of PowerShell
[2.301s] DEBUG:colcon.colcon_core.shell:Skip shell extension 'dsv' for command environment
[2.349s] DEBUG:colcon.colcon_core.event_handler.log_command:Invoking command in '/home/marta/sam_bot_description/build/sam_bot_description': CMAKE_PREFIX_PATH=${CMAKE_PREFIX_PATH}:/opt/ros/foxy /usr/bin/cmake --build /home/marta/sam_bot_description/build/sam_bot_description -- -j1 -l1
[2.654s] DEBUG:colcon.colcon_core.event_handler.log_command:Invoked command in '/home/marta/sam_bot_description/build/sam_bot_description' returned '0': CMAKE_PREFIX_PATH=${CMAKE_PREFIX_PATH}:/opt/ros/foxy /usr/bin/cmake --build /home/marta/sam_bot_description/build/sam_bot_description -- -j1 -l1
[2.731s] DEBUG:colcon.colcon_core.event_handler.log_command:Invoking command in '/home/marta/sam_bot_description/build/sam_bot_description': CMAKE_PREFIX_PATH=${CMAKE_PREFIX_PATH}:/opt/ros/foxy /usr/bin/cmake --install /home/marta/sam_bot_description/build/sam_bot_description
[2.784s] Level 1:colcon.colcon_core.environment:create_environment_scripts_only(sam_bot_description)
[2.785s] DEBUG:colcon.colcon_core.event_handler.log_command:Invoked command in '/home/marta/sam_bot_description/build/sam_bot_description' returned '0': CMAKE_PREFIX_PATH=${CMAKE_PREFIX_PATH}:/opt/ros/foxy /usr/bin/cmake --install /home/marta/sam_bot_description/build/sam_bot_description
[2.807s] Level 1:colcon.colcon_core.environment:checking '/home/marta/sam_bot_description/install/sam_bot_description' for CMake module files
[2.808s] Level 1:colcon.colcon_core.environment:checking '/home/marta/sam_bot_description/install/sam_bot_description' for CMake config files
[2.809s] Level 1:colcon.colcon_core.shell:create_environment_hook('sam_bot_description', 'cmake_prefix_path')
[2.809s] INFO:colcon.colcon_core.shell:Creating environment hook '/home/marta/sam_bot_description/install/sam_bot_description/share/sam_bot_description/hook/cmake_prefix_path.ps1'
[2.814s] INFO:colcon.colcon_core.shell:Creating environment descriptor '/home/marta/sam_bot_description/install/sam_bot_description/share/sam_bot_description/hook/cmake_prefix_path.dsv'
[2.816s] INFO:colcon.colcon_core.shell:Creating environment hook '/home/marta/sam_bot_description/install/sam_bot_description/share/sam_bot_description/hook/cmake_prefix_path.sh'
[2.819s] Level 1:colcon.colcon_core.environment:checking '/home/marta/sam_bot_description/install/sam_bot_description/bin'
[2.819s] Level 1:colcon.colcon_core.environment:checking '/home/marta/sam_bot_description/install/sam_bot_description/lib/pkgconfig/sam_bot_description.pc'
[2.819s] Level 1:colcon.colcon_core.environment:checking '/home/marta/sam_bot_description/install/sam_bot_description/lib/python3.8/site-packages'
[2.820s] Level 1:colcon.colcon_core.environment:checking '/home/marta/sam_bot_description/install/sam_bot_description/bin'
[2.820s] INFO:colcon.colcon_core.shell:Creating package script '/home/marta/sam_bot_description/install/sam_bot_description/share/sam_bot_description/package.ps1'
[2.825s] INFO:colcon.colcon_core.shell:Creating package descriptor '/home/marta/sam_bot_description/install/sam_bot_description/share/sam_bot_description/package.dsv'
[2.828s] INFO:colcon.colcon_core.shell:Creating package script '/home/marta/sam_bot_description/install/sam_bot_description/share/sam_bot_description/package.sh'
[2.832s] INFO:colcon.colcon_core.shell:Creating package script '/home/marta/sam_bot_description/install/sam_bot_description/share/sam_bot_description/package.bash'
[2.836s] INFO:colcon.colcon_core.shell:Creating package script '/home/marta/sam_bot_description/install/sam_bot_description/share/sam_bot_description/package.zsh'
[2.839s] Level 1:colcon.colcon_core.environment:create_file_with_runtime_dependencies(/home/marta/sam_bot_description/install/sam_bot_description/share/colcon-core/packages/sam_bot_description)
[2.872s] Level 1:colcon.colcon_core.environment:create_environment_scripts_only(sam_bot_description)
[2.873s] Level 1:colcon.colcon_core.environment:checking '/home/marta/sam_bot_description/install/sam_bot_description' for CMake module files
[2.873s] Level 1:colcon.colcon_core.environment:checking '/home/marta/sam_bot_description/install/sam_bot_description' for CMake config files
[2.873s] Level 1:colcon.colcon_core.shell:create_environment_hook('sam_bot_description', 'cmake_prefix_path')
[2.873s] INFO:colcon.colcon_core.shell:Creating environment hook '/home/marta/sam_bot_description/install/sam_bot_description/share/sam_bot_description/hook/cmake_prefix_path.ps1'
[2.875s] INFO:colcon.colcon_core.shell:Creating environment descriptor '/home/marta/sam_bot_description/install/sam_bot_description/share/sam_bot_description/hook/cmake_prefix_path.dsv'
[2.876s] INFO:colcon.colcon_core.shell:Creating environment hook '/home/marta/sam_bot_description/install/sam_bot_description/share/sam_bot_description/hook/cmake_prefix_path.sh'
[2.877s] Level 1:colcon.colcon_core.environment:checking '/home/marta/sam_bot_description/install/sam_bot_description/bin'
[2.877s] Level 1:colcon.colcon_core.environment:checking '/home/marta/sam_bot_description/install/sam_bot_description/lib/pkgconfig/sam_bot_description.pc'
[2.878s] Level 1:colcon.colcon_core.environment:checking '/home/marta/sam_bot_description/install/sam_bot_description/lib/python3.8/site-packages'
[2.878s] Level 1:colcon.colcon_core.environment:checking '/home/marta/sam_bot_description/install/sam_bot_description/bin'
[2.878s] INFO:colcon.colcon_core.shell:Creating package script '/home/marta/sam_bot_description/install/sam_bot_description/share/sam_bot_description/package.ps1'
[2.880s] INFO:colcon.colcon_core.shell:Creating package descriptor '/home/marta/sam_bot_description/install/sam_bot_description/share/sam_bot_description/package.dsv'
[2.881s] INFO:colcon.colcon_core.shell:Creating package script '/home/marta/sam_bot_description/install/sam_bot_description/share/sam_bot_description/package.sh'
[2.882s] INFO:colcon.colcon_core.shell:Creating package script '/home/marta/sam_bot_description/install/sam_bot_description/share/sam_bot_description/package.bash'
[2.883s] INFO:colcon.colcon_core.shell:Creating package script '/home/marta/sam_bot_description/install/sam_bot_description/share/sam_bot_description/package.zsh'
[2.884s] Level 1:colcon.colcon_core.environment:create_file_with_runtime_dependencies(/home/marta/sam_bot_description/install/sam_bot_description/share/colcon-core/packages/sam_bot_description)
[2.886s] DEBUG:colcon.colcon_parallel_executor.executor.parallel:closing loop
[2.887s] DEBUG:colcon.colcon_parallel_executor.executor.parallel:loop closed
[2.887s] DEBUG:colcon.colcon_parallel_executor.executor.parallel:run_until_complete finished with '0'
[2.887s] DEBUG:colcon.colcon_core.event_reactor:joining thread
[2.930s] INFO:colcon.colcon_core.plugin_system:Skipping extension 'colcon_notification.desktop_notification.terminal_notifier': Not used on non-Darwin systems
[2.930s] INFO:colcon.colcon_core.plugin_system:Skipping extension 'colcon_notification.desktop_notification.win32': Not used on non-Windows systems
[2.930s] INFO:colcon.colcon_notification.desktop_notification:Sending desktop notification using 'notify2'
[3.017s] DEBUG:colcon.colcon_core.event_reactor:joined thread
[3.017s] INFO:colcon.colcon_core.shell:Creating prefix script '/home/marta/sam_bot_description/install/local_setup.ps1'
[3.025s] INFO:colcon.colcon_core.shell:Creating prefix util module '/home/marta/sam_bot_description/install/_local_setup_util_ps1.py'
[3.045s] INFO:colcon.colcon_core.shell:Creating prefix chain script '/home/marta/sam_bot_description/install/setup.ps1'
[3.049s] INFO:colcon.colcon_core.shell:Creating prefix script '/home/marta/sam_bot_description/install/local_setup.sh'
[3.050s] INFO:colcon.colcon_core.shell:Creating prefix util module '/home/marta/sam_bot_description/install/_local_setup_util_sh.py'
[3.052s] INFO:colcon.colcon_core.shell:Creating prefix chain script '/home/marta/sam_bot_description/install/setup.sh'
[3.084s] INFO:colcon.colcon_core.shell:Creating prefix script '/home/marta/sam_bot_description/install/local_setup.bash'
[3.088s] INFO:colcon.colcon_core.shell:Creating prefix chain script '/home/marta/sam_bot_description/install/setup.bash'
[3.092s] INFO:colcon.colcon_core.shell:Creating prefix script '/home/marta/sam_bot_description/install/local_setup.zsh'
[3.094s] INFO:colcon.colcon_core.shell:Creating prefix chain script '/home/marta/sam_bot_description/install/setup.zsh'
