[0.471s] DEBUG:colcon:Command line arguments: ['/usr/bin/colcon', 'build']
[0.471s] DEBUG:colcon:Parsed command line arguments: Namespace(allow_overriding=[], ament_cmake_args=None, base_paths=['.'], build_base='build', catkin_cmake_args=None, catkin_skip_building_tests=False, cmake_args=None, cmake_clean_cache=False, cmake_clean_first=False, cmake_force_configure=False, cmake_target=None, cmake_target_skip_unavailable=False, continue_on_error=False, event_handlers=None, executor='parallel', ignore_user_meta=False, install_base='install', log_base=None, log_level=None, main=<bound method BuildVerb.main of <colcon_core.verb.build.BuildVerb object at 0x7f1beedab220>>, merge_install=False, metas=['./colcon.meta'], mixin=None, mixin_files=None, mixin_verb=('build',), packages_above=None, packages_above_and_dependencies=None, packages_above_depth=None, packages_end=None, packages_ignore=None, packages_ignore_regex=None, packages_select=None, packages_select_build_failed=False, packages_select_by_dep=None, packages_select_regex=None, packages_select_test_failures=False, packages_skip=None, packages_skip_build_finished=False, packages_skip_by_dep=None, packages_skip_regex=None, packages_skip_test_passed=False, packages_skip_up_to=None, packages_start=None, packages_up_to=None, packages_up_to_regex=None, parallel_workers=1, paths=None, symlink_install=False, test_result_base=None, verb_extension=<colcon_core.verb.build.BuildVerb object at 0x7f1beedab220>, verb_name='build', verb_parser=<colcon_mixin.mixin.mixin_argument.MixinArgumentDecorator object at 0x7f1beed08b50>)
[0.739s] Level 1:colcon.colcon_core.package_discovery:discover_packages(colcon_meta) check parameters
[0.739s] Level 1:colcon.colcon_core.package_discovery:discover_packages(recursive) check parameters
[0.739s] Level 1:colcon.colcon_core.package_discovery:discover_packages(ignore) check parameters
[0.739s] Level 1:colcon.colcon_core.package_discovery:discover_packages(path) check parameters
[0.739s] Level 1:colcon.colcon_core.package_discovery:discover_packages(colcon_meta) discover
[0.739s] Level 1:colcon.colcon_core.package_discovery:discover_packages(recursive) discover
[0.740s] INFO:colcon.colcon_core.package_discovery:Crawling recursively for packages in '/home/marta/sam_bot_description'
[0.740s] Level 1:colcon.colcon_core.package_identification:_identify(.) by extensions ['ignore', 'ignore_ament_install']
[0.740s] Level 1:colcon.colcon_core.package_identification:_identify(.) by extension 'ignore'
[0.740s] Level 1:colcon.colcon_core.package_identification:_identify(.) by extension 'ignore_ament_install'
[0.740s] Level 1:colcon.colcon_core.package_identification:_identify(.) by extensions ['colcon_pkg']
[0.740s] Level 1:colcon.colcon_core.package_identification:_identify(.) by extension 'colcon_pkg'
[0.740s] Level 1:colcon.colcon_core.package_identification:_identify(.) by extensions ['colcon_meta']
[0.740s] Level 1:colcon.colcon_core.package_identification:_identify(.) by extension 'colcon_meta'
[0.741s] Level 1:colcon.colcon_core.package_identification:_identify(.) by extensions ['ros']
[0.741s] Level 1:colcon.colcon_core.package_identification:_identify(.) by extension 'ros'
[0.766s] DEBUG:colcon.colcon_core.package_identification:Package '.' with type 'ros.ament_cmake' and name 'sam_bot_description'
[0.766s] Level 1:colcon.colcon_core.package_discovery:discover_packages(recursive) using defaults
[0.766s] Level 1:colcon.colcon_core.package_discovery:discover_packages(ignore) discover
[0.766s] Level 1:colcon.colcon_core.package_discovery:discover_packages(ignore) using defaults
[0.766s] Level 1:colcon.colcon_core.package_discovery:discover_packages(path) discover
[0.766s] Level 1:colcon.colcon_core.package_discovery:discover_packages(path) using defaults
[0.817s] Level 1:colcon.colcon_core.package_discovery:discover_packages(prefix_path) check parameters
[0.817s] Level 1:colcon.colcon_core.package_discovery:discover_packages(prefix_path) discover
[0.830s] DEBUG:colcon.colcon_installed_package_information.package_discovery:Found 1 installed packages in /home/marta/sam_bot_description/install
[0.831s] DEBUG:colcon.colcon_installed_package_information.package_discovery:Found 383 installed packages in /opt/ros/foxy
[0.842s] Level 1:colcon.colcon_core.package_discovery:discover_packages(prefix_path) using defaults
[1.294s] Level 5:colcon.colcon_core.verb:set package 'sam_bot_description' build argument 'cmake_args' from command line to 'None'
[1.294s] Level 5:colcon.colcon_core.verb:set package 'sam_bot_description' build argument 'cmake_target' from command line to 'None'
[1.294s] Level 5:colcon.colcon_core.verb:set package 'sam_bot_description' build argument 'cmake_target_skip_unavailable' from command line to 'False'
[1.294s] Level 5:colcon.colcon_core.verb:set package 'sam_bot_description' build argument 'cmake_clean_cache' from command line to 'False'
[1.295s] Level 5:colcon.colcon_core.verb:set package 'sam_bot_description' build argument 'cmake_clean_first' from command line to 'False'
[1.295s] Level 5:colcon.colcon_core.verb:set package 'sam_bot_description' build argument 'cmake_force_configure' from command line to 'False'
[1.295s] Level 5:colcon.colcon_core.verb:set package 'sam_bot_description' build argument 'ament_cmake_args' from command line to 'None'
[1.295s] Level 5:colcon.colcon_core.verb:set package 'sam_bot_description' build argument 'catkin_cmake_args' from command line to 'None'
[1.295s] Level 5:colcon.colcon_core.verb:set package 'sam_bot_description' build argument 'catkin_skip_building_tests' from command line to 'False'
[1.295s] DEBUG:colcon.colcon_core.verb:Building package 'sam_bot_description' with the following arguments: {'ament_cmake_args': None, 'build_base': '/home/marta/sam_bot_description/build/sam_bot_description', 'catkin_cmake_args': None, 'catkin_skip_building_tests': False, 'cmake_args': None, 'cmake_clean_cache': False, 'cmake_clean_first': False, 'cmake_force_configure': False, 'cmake_target': None, 'cmake_target_skip_unavailable': False, 'install_base': '/home/marta/sam_bot_description/install/sam_bot_description', 'merge_install': False, 'path': '/home/marta/sam_bot_description', 'symlink_install': False, 'test_result_base': None}
[1.295s] INFO:colcon.colcon_core.executor:Executing jobs using 'parallel' executor
[1.296s] DEBUG:colcon.colcon_parallel_executor.executor.parallel:run_until_complete
[1.296s] INFO:colcon.colcon_ros.task.ament_cmake.build:Building ROS package in '/home/marta/sam_bot_description' with build type 'ament_cmake'
[1.296s] INFO:colcon.colcon_cmake.task.cmake.build:Building CMake package in '/home/marta/sam_bot_description'
[1.314s] INFO:colcon.colcon_core.plugin_system:Skipping extension 'colcon_core.shell.bat': Not used on non-Windows systems
[1.314s] INFO:colcon.colcon_core.shell:Skip shell extension 'powershell' for command environment: Not usable outside of PowerShell
[1.315s] DEBUG:colcon.colcon_core.shell:Skip shell extension 'dsv' for command environment
[1.346s] DEBUG:colcon.colcon_core.event_handler.log_command:Invoking command in '/home/marta/sam_bot_description/build/sam_bot_description': CMAKE_PREFIX_PATH=${CMAKE_PREFIX_PATH}:/opt/ros/foxy /usr/bin/cmake --build /home/marta/sam_bot_description/build/sam_bot_description -- -j1 -l1
[1.557s] DEBUG:colcon.colcon_core.event_handler.log_command:Invoked command in '/home/marta/sam_bot_description/build/sam_bot_description' returned '0': CMAKE_PREFIX_PATH=${CMAKE_PREFIX_PATH}:/opt/ros/foxy /usr/bin/cmake --build /home/marta/sam_bot_description/build/sam_bot_description -- -j1 -l1
[1.600s] DEBUG:colcon.colcon_core.event_handler.log_command:Invoking command in '/home/marta/sam_bot_description/build/sam_bot_description': CMAKE_PREFIX_PATH=${CMAKE_PREFIX_PATH}:/opt/ros/foxy /usr/bin/cmake --install /home/marta/sam_bot_description/build/sam_bot_description
[1.637s] Level 1:colcon.colcon_core.environment:create_environment_scripts_only(sam_bot_description)
[1.642s] DEBUG:colcon.colcon_core.event_handler.log_command:Invoked command in '/home/marta/sam_bot_description/build/sam_bot_description' returned '0': CMAKE_PREFIX_PATH=${CMAKE_PREFIX_PATH}:/opt/ros/foxy /usr/bin/cmake --install /home/marta/sam_bot_description/build/sam_bot_description
[1.666s] Level 1:colcon.colcon_core.environment:checking '/home/marta/sam_bot_description/install/sam_bot_description' for CMake module files
[1.666s] Level 1:colcon.colcon_core.environment:checking '/home/marta/sam_bot_description/install/sam_bot_description' for CMake config files
[1.666s] Level 1:colcon.colcon_core.shell:create_environment_hook('sam_bot_description', 'cmake_prefix_path')
[1.667s] INFO:colcon.colcon_core.shell:Creating environment hook '/home/marta/sam_bot_description/install/sam_bot_description/share/sam_bot_description/hook/cmake_prefix_path.ps1'
[1.669s] INFO:colcon.colcon_core.shell:Creating environment descriptor '/home/marta/sam_bot_description/install/sam_bot_description/share/sam_bot_description/hook/cmake_prefix_path.dsv'
[1.671s] INFO:colcon.colcon_core.shell:Creating environment hook '/home/marta/sam_bot_description/install/sam_bot_description/share/sam_bot_description/hook/cmake_prefix_path.sh'
[1.674s] Level 1:colcon.colcon_core.environment:checking '/home/marta/sam_bot_description/install/sam_bot_description/bin'
[1.674s] Level 1:colcon.colcon_core.environment:checking '/home/marta/sam_bot_description/install/sam_bot_description/lib/pkgconfig/sam_bot_description.pc'
[1.675s] Level 1:colcon.colcon_core.environment:checking '/home/marta/sam_bot_description/install/sam_bot_description/lib/python3.8/site-packages'
[1.675s] Level 1:colcon.colcon_core.environment:checking '/home/marta/sam_bot_description/install/sam_bot_description/bin'
[1.675s] INFO:colcon.colcon_core.shell:Creating package script '/home/marta/sam_bot_description/install/sam_bot_description/share/sam_bot_description/package.ps1'
[1.677s] INFO:colcon.colcon_core.shell:Creating package descriptor '/home/marta/sam_bot_description/install/sam_bot_description/share/sam_bot_description/package.dsv'
[1.679s] INFO:colcon.colcon_core.shell:Creating package script '/home/marta/sam_bot_description/install/sam_bot_description/share/sam_bot_description/package.sh'
[1.681s] INFO:colcon.colcon_core.shell:Creating package script '/home/marta/sam_bot_description/install/sam_bot_description/share/sam_bot_description/package.bash'
[1.685s] INFO:colcon.colcon_core.shell:Creating package script '/home/marta/sam_bot_description/install/sam_bot_description/share/sam_bot_description/package.zsh'
[1.688s] Level 1:colcon.colcon_core.environment:create_file_with_runtime_dependencies(/home/marta/sam_bot_description/install/sam_bot_description/share/colcon-core/packages/sam_bot_description)
[1.720s] Level 1:colcon.colcon_core.environment:create_environment_scripts_only(sam_bot_description)
[1.721s] Level 1:colcon.colcon_core.environment:checking '/home/marta/sam_bot_description/install/sam_bot_description' for CMake module files
[1.721s] Level 1:colcon.colcon_core.environment:checking '/home/marta/sam_bot_description/install/sam_bot_description' for CMake config files
[1.721s] Level 1:colcon.colcon_core.shell:create_environment_hook('sam_bot_description', 'cmake_prefix_path')
[1.721s] INFO:colcon.colcon_core.shell:Creating environment hook '/home/marta/sam_bot_description/install/sam_bot_description/share/sam_bot_description/hook/cmake_prefix_path.ps1'
[1.723s] INFO:colcon.colcon_core.shell:Creating environment descriptor '/home/marta/sam_bot_description/install/sam_bot_description/share/sam_bot_description/hook/cmake_prefix_path.dsv'
[1.723s] INFO:colcon.colcon_core.shell:Creating environment hook '/home/marta/sam_bot_description/install/sam_bot_description/share/sam_bot_description/hook/cmake_prefix_path.sh'
[1.724s] Level 1:colcon.colcon_core.environment:checking '/home/marta/sam_bot_description/install/sam_bot_description/bin'
[1.724s] Level 1:colcon.colcon_core.environment:checking '/home/marta/sam_bot_description/install/sam_bot_description/lib/pkgconfig/sam_bot_description.pc'
[1.725s] Level 1:colcon.colcon_core.environment:checking '/home/marta/sam_bot_description/install/sam_bot_description/lib/python3.8/site-packages'
[1.725s] Level 1:colcon.colcon_core.environment:checking '/home/marta/sam_bot_description/install/sam_bot_description/bin'
[1.725s] INFO:colcon.colcon_core.shell:Creating package script '/home/marta/sam_bot_description/install/sam_bot_description/share/sam_bot_description/package.ps1'
[1.727s] INFO:colcon.colcon_core.shell:Creating package descriptor '/home/marta/sam_bot_description/install/sam_bot_description/share/sam_bot_description/package.dsv'
[1.728s] INFO:colcon.colcon_core.shell:Creating package script '/home/marta/sam_bot_description/install/sam_bot_description/share/sam_bot_description/package.sh'
[1.729s] INFO:colcon.colcon_core.shell:Creating package script '/home/marta/sam_bot_description/install/sam_bot_description/share/sam_bot_description/package.bash'
[1.731s] INFO:colcon.colcon_core.shell:Creating package script '/home/marta/sam_bot_description/install/sam_bot_description/share/sam_bot_description/package.zsh'
[1.732s] Level 1:colcon.colcon_core.environment:create_file_with_runtime_dependencies(/home/marta/sam_bot_description/install/sam_bot_description/share/colcon-core/packages/sam_bot_description)
[1.734s] DEBUG:colcon.colcon_parallel_executor.executor.parallel:closing loop
[1.734s] DEBUG:colcon.colcon_parallel_executor.executor.parallel:loop closed
[1.734s] DEBUG:colcon.colcon_parallel_executor.executor.parallel:run_until_complete finished with '0'
[1.734s] DEBUG:colcon.colcon_core.event_reactor:joining thread
[1.782s] INFO:colcon.colcon_core.plugin_system:Skipping extension 'colcon_notification.desktop_notification.terminal_notifier': Not used on non-Darwin systems
[1.782s] INFO:colcon.colcon_core.plugin_system:Skipping extension 'colcon_notification.desktop_notification.win32': Not used on non-Windows systems
[1.782s] INFO:colcon.colcon_notification.desktop_notification:Sending desktop notification using 'notify2'
[1.809s] DEBUG:colcon.colcon_core.event_reactor:joined thread
[1.810s] INFO:colcon.colcon_core.shell:Creating prefix script '/home/marta/sam_bot_description/install/local_setup.ps1'
[1.812s] INFO:colcon.colcon_core.shell:Creating prefix util module '/home/marta/sam_bot_description/install/_local_setup_util_ps1.py'
[1.815s] INFO:colcon.colcon_core.shell:Creating prefix chain script '/home/marta/sam_bot_description/install/setup.ps1'
[1.817s] INFO:colcon.colcon_core.shell:Creating prefix script '/home/marta/sam_bot_description/install/local_setup.sh'
[1.819s] INFO:colcon.colcon_core.shell:Creating prefix util module '/home/marta/sam_bot_description/install/_local_setup_util_sh.py'
[1.821s] INFO:colcon.colcon_core.shell:Creating prefix chain script '/home/marta/sam_bot_description/install/setup.sh'
[1.824s] INFO:colcon.colcon_core.shell:Creating prefix script '/home/marta/sam_bot_description/install/local_setup.bash'
[1.835s] INFO:colcon.colcon_core.shell:Creating prefix chain script '/home/marta/sam_bot_description/install/setup.bash'
[1.838s] INFO:colcon.colcon_core.shell:Creating prefix script '/home/marta/sam_bot_description/install/local_setup.zsh'
[1.839s] INFO:colcon.colcon_core.shell:Creating prefix chain script '/home/marta/sam_bot_description/install/setup.zsh'
